<?xml version="1.0" encoding="UTF-8"?>
<!-- Generated by org.testng.reporters.JUnitReportReporter -->
<testsuite skipped="0" hostname="user" name="Mon1.MO" tests="1" failures="0" timestamp="29 Apr 2019 12:22:25 GMT" time="0.005" errors="0">
  <testcase name="v2" time="0.005" classname="Mon1.MO"/>
</testsuite> <!-- Mon1.MO -->
